<test-run id="2" duration="0.005612" testcasecount="4" total="4" passed="4" failed="0" inconclusive="0" skipped="0" result="Passed" start-time="2021-02-22T 11:35:21Z" end-time="2021-02-22T 11:35:23Z">
  <test-suite type="Assembly" name="ApplicationLibrary.Test.dll" fullname="C:\Users\Administrator\source\repos\AutomatedTest\AutomatedTest\ApplicationLibrary.Test\bin\Debug\netcoreapp3.1\ApplicationLibrary.Test.dll" total="4" passed="4" failed="0" inconclusive="0" skipped="0" result="Passed" start-time="2021-02-22T 11:35:22Z" end-time="2021-02-22T 11:35:22Z" duration="0.005612">
    <test-suite type="TestSuite" name="ApplicationLibrary" fullname="ApplicationLibrary" total="4" passed="4" failed="0" inconclusive="0" skipped="0" result="Passed" start-time="2021-02-22T 11:35:22Z" end-time="2021-02-22T 11:35:22Z" duration="0.005612">
      <test-suite type="TestSuite" name="Test" fullname="ApplicationLibrary.Test" total="4" passed="4" failed="0" inconclusive="0" skipped="0" result="Passed" start-time="2021-02-22T 11:35:22Z" end-time="2021-02-22T 11:35:22Z" duration="0.005612">
        <test-suite type="TestFixture" name="MovieSuggestionTest" fullname="ApplicationLibrary.Test.MovieSuggestionTest" total="4" passed="4" failed="0" inconclusive="0" skipped="0" result="Passed" start-time="2021-02-22T 11:35:22Z" end-time="2021-02-22T 11:35:22Z" duration="0.005612">
          <test-case name="ApplicationLibrary.Test.MovieSuggestionTest.CanSuggest(expected: True, score: 10)" fullname="ApplicationLibrary.Test.MovieSuggestionTest.CanSuggest" methodname="CanSuggest" classname="MovieSuggestionTest" result="Passed" start-time="2021-02-22T 11:35:22Z" end-time="2021-02-22T 11:35:22Z" duration="0.005538" asserts="0" />
          <test-case name="ApplicationLibrary.Test.MovieSuggestionTest.CanSuggest(expected: False, score: 7,99)" fullname="ApplicationLibrary.Test.MovieSuggestionTest.CanSuggest" methodname="CanSuggest" classname="MovieSuggestionTest" result="Passed" start-time="2021-02-22T 11:35:22Z" end-time="2021-02-22T 11:35:22Z" duration="5.79E-05" asserts="0" />
          <test-case name="ApplicationLibrary.Test.MovieSuggestionTest.CanSuggest(expected: True, score: 8)" fullname="ApplicationLibrary.Test.MovieSuggestionTest.CanSuggest" methodname="CanSuggest" classname="MovieSuggestionTest" result="Passed" start-time="2021-02-22T 11:35:22Z" end-time="2021-02-22T 11:35:22Z" duration="9.4E-06" asserts="0" />
          <test-case name="ApplicationLibrary.Test.MovieSuggestionTest.CanSuggest(expected: False, score: 0)" fullname="ApplicationLibrary.Test.MovieSuggestionTest.CanSuggest" methodname="CanSuggest" classname="MovieSuggestionTest" result="Passed" start-time="2021-02-22T 11:35:22Z" end-time="2021-02-22T 11:35:22Z" duration="6.7E-06" asserts="0" />
        </test-suite>
      </test-suite>
    </test-suite>
    <errors />
  </test-suite>
</test-run>run>